c:\users\filipeoliveira\documents\cpd_pi_olap\windows_src\debug\windows_src.obj
c:\users\filipeoliveira\documents\cpd_pi_olap\windows_src\debug\vc140.pdb
c:\users\filipe~1\appdata\local\temp\lnk{7c8881cc-3c56-47e6-8904-61e56dee6763}.tmp
c:\users\filipe~1\appdata\local\temp\lnk{cd52031d-90cb-4ead-a160-fb5a32b8d609}.tmp
c:\users\filipe~1\appdata\local\temp\lnk{3bfe28e1-21c4-4bd3-9d7c-41941de442fc}.tmp
c:\users\filipeoliveira\documents\cpd_pi_olap\windows_src\debug\windows_src.pdb
c:\users\filipeoliveira\documents\cpd_pi_olap\windows_src\debug\windows_src.tlog\icl-mcpcom.read.1.tlog
c:\users\filipeoliveira\documents\cpd_pi_olap\windows_src\debug\windows_src.tlog\icl-mcpcom.write.1.tlog
c:\users\filipeoliveira\documents\cpd_pi_olap\windows_src\debug\windows_src.tlog\icl.command.1.tlog
c:\users\filipeoliveira\documents\cpd_pi_olap\windows_src\debug\windows_src.tlog\icl.read.1.tlog
c:\users\filipeoliveira\documents\cpd_pi_olap\windows_src\debug\windows_src.tlog\icl.write.1.tlog
c:\users\filipeoliveira\documents\cpd_pi_olap\windows_src\debug\windows_src.tlog\xilink-link-cvtres.read.1.tlog
c:\users\filipeoliveira\documents\cpd_pi_olap\windows_src\debug\windows_src.tlog\xilink-link-cvtres.write.1.tlog
c:\users\filipeoliveira\documents\cpd_pi_olap\windows_src\debug\windows_src.tlog\xilink-link-rc.read.1.tlog
c:\users\filipeoliveira\documents\cpd_pi_olap\windows_src\debug\windows_src.tlog\xilink-link-rc.write.1.tlog
c:\users\filipeoliveira\documents\cpd_pi_olap\windows_src\debug\windows_src.tlog\xilink-link.read.1.tlog
c:\users\filipeoliveira\documents\cpd_pi_olap\windows_src\debug\windows_src.tlog\xilink-link.read.2.tlog
c:\users\filipeoliveira\documents\cpd_pi_olap\windows_src\debug\windows_src.tlog\xilink-link.write.1.tlog
c:\users\filipeoliveira\documents\cpd_pi_olap\windows_src\debug\windows_src.tlog\xilink-mcpcom.read.1.tlog
c:\users\filipeoliveira\documents\cpd_pi_olap\windows_src\debug\windows_src.tlog\xilink-mcpcom.write.1.tlog
c:\users\filipeoliveira\documents\cpd_pi_olap\windows_src\debug\windows_src.tlog\xilink.command.1.tlog
c:\users\filipeoliveira\documents\cpd_pi_olap\windows_src\debug\windows_src.tlog\xilink.read.1.tlog
c:\users\filipeoliveira\documents\cpd_pi_olap\windows_src\debug\windows_src.tlog\xilink.write.1.tlog
