<?xml version="1.0" encoding="utf-8" ?>
<!-- DO NOT EDIT THIS FILE -->

<log version='2.0' source='mc'>
	<!-- Successfully loaded CCRT at address 0x2b04fc201000 - 0x2b04fc21b000 -->
	<!-- Successfully loaded MC at address 0x2b04fbcff000 - 0x2b04fbdb0000 -->
	<!-- Analysis started for /home/a57816/CPD_PI_OLAP/src/querie1_search, pid = 30015 -->
	<msg id='1' source='mc'>
		<type>EXEC_OF_INTEREST</type>
		<severity>INFO</severity>
		<timestamp>Thu Jun  9 02:16:00 2016</timestamp>
		<arg name='path'>/home/a57816/CPD_PI_OLAP/src/querie1_search</arg>
		<arg name='pid'>30015</arg>
	</msg>
	<!-- Command line: /share/apps/intel/inspector_xe_2016.1.0.423441/bin64/pinbin -p32 /share/apps/intel/inspector_xe_2016.1.0.423441/bin32/pinbin -xyzzy -mesgoff console -xyzzy -bridge_save_x87 0 -bridge_save_mxcsr 0 -follow_execv -error_file /home/a57816/CPD_PI_OLAP/src/InspectorOut/data.0/pin_error.log -logfile /home/a57816/CPD_PI_OLAP/src/InspectorOut/data.0/pin.log -xyzzy -region_max_inss 100 -t64 /share/apps/intel/inspector_xe_2016.1.0.423441/lib64/libmemchkr -t /share/apps/intel/inspector_xe_2016.1.0.423441/lib32/libmemchkr -no-analyze-stack -no-check-invalid-access -leak-check-on-exit -leak-check-report-reachable -check-resource-leaks -freelist-vol 0 -leak-maximum 100000 -guard-zone-size 0 -stack-depth 8 -working-dir /home/a57816/CPD_PI_OLAP/src/InspectorOut/data.0 -log mc_querie1_search.log -result querie1_search - /home/a57816/CPD_PI_OLAP/src/querie1_search 0  -->
	<!-- mc's options are the following:  -->
	<!-- -help                              false -->
	<!-- -verbose                           false -->
	<!-- -xyzzy                             false -->
	<!-- -version                           false -->
	<!-- -help-all                          false -->
	<!-- -xyzzy-all                         false -->
	<!-- -report-all-instances              false -->
	<!-- -check-for-padded-structures       true -->
	<!-- -check-for-bitfields               true -->
	<!-- -analyze-stack                     false -->
	<!-- -access-checks                     false -->
	<!-- -check-uninit-read                 false -->
	<!-- -check-invalid-access              false -->
	<!-- -advanced-uninit-read              false -->
	<!-- -track-origins                     true -->
	<!-- -duplicate-uninits                 false -->
	<!-- -bss-initialized                   true -->
	<!-- -align-alloc-size                  false -->
	<!-- -report-uninit-read                false -->
	<!-- -ignore-system-libraries           false -->
	<!-- -gen-suppressions                  false -->
	<!-- -leak-check-on-exit                true -->
	<!-- -leak-check-on-demand              false -->
	<!-- -leak-check-uses-baseline          true -->
	<!-- -enable-memory-growth              false -->
	<!-- -leak-check-report-reachable       true -->
	<!-- -leak-check-full                   true -->
	<!-- -check-resource-leaks              true -->
	<!-- -xml                               true -->
	<!-- -trace-children                    false -->
	<!-- -enable-poke                       false -->
	<!-- -jit-mode-anyway                   false -->
	<!-- -disable-probe-mode-mismatches-64  true -->
	<!-- -aggressive-callstack-caching      false -->
	<!-- -suppress-breakpoints              false -->
	<!-- -monitor-memory                    false -->
	<!-- -freelist-vol                      0 -->
	<!-- -leak-maximum                      100000 -->
	<!-- -guard-zone-size                   0 -->
	<!-- -stack-depth                       8 -->
	<!-- -asdp-major                        2 -->
	<!-- -asdp-minor                        0 -->
	<!-- -heartbeat                         0 -->
	<!-- -breakpoint-file                   (null) -->
	<!-- -config-file                       (null) -->
	<!-- -log                               mc_querie1_search.log -->
	<!-- -ignore-commands                   (null),  -->
	<!-- -ignore-modules                    (null),  -->
	<!-- -ignore-symbols                    (null),  -->
	<!-- -module-of-interest                (null),  -->
	<!-- -executable-of-interest            (null),  -->
	<!-- -working-dir                       /home/a57816/CPD_PI_OLAP/src/InspectorOut/data.0 -->
	<!-- -result                            querie1_search -->
	<!-- -exclude-module                    (null),  -->
	<!-- -include-module                    (null),  -->
	<!-- -only-exec-commands                (null),  -->
	<!-- -suppressions                      (null),  -->
	<!-- -debug                             none -->
	<!-- -shared-mem-name                   (null) -->
	<!-- -poke-function                     (null),  -->
	<!-- -log-socket                        (null) -->
	<!-- -analysis-mode                     (null) -->
	<!-- probe mode: yes -->
	<!-- invalid access: no -->
	<!-- uninit read: no -->
	<!-- track origin: no -->
	<!-- Module loaded /home/a57816/CPD_PI_OLAP/src/querie1_search, address range [0x0000000000400000-0x000000000063bb37] -->
	<msg id='2' source='mc'>
		<type>MODULE_LOAD</type>
		<severity>INFO</severity>
		<timestamp>Thu Jun  9 02:16:00 2016</timestamp>
		<arg name='path'>/home/a57816/CPD_PI_OLAP/src/querie1_search</arg>
		<arg name='addr1'>0x400000</arg>
		<arg name='addr2'>0x63bb37</arg>
	</msg>
	<!-- Module loaded /lib64/ld-linux-x86-64.so.2, address range [0x000000328d200000-0x000000328d421187], minimal analysis -->
	<msg id='3' source='mc'>
		<type>MODULE_LOAD_NO_ANALYSIS</type>
		<severity>INFO</severity>
		<timestamp>Thu Jun  9 02:16:00 2016</timestamp>
		<arg name='path'>/lib64/ld-linux-x86-64.so.2</arg>
		<arg name='addr1'>0x328d200000</arg>
		<arg name='addr2'>0x328d421187</arg>
	</msg>
	<!-- Module loaded /lib64/libglib-2.0.so.0, address range [0x000000328f600000-0x000000328f8e4c0f] -->
	<msg id='4' source='mc'>
		<type>MODULE_LOAD</type>
		<severity>INFO</severity>
		<timestamp>Thu Jun  9 02:16:00 2016</timestamp>
		<arg name='path'>/lib64/libglib-2.0.so.0</arg>
		<arg name='addr1'>0x328f600000</arg>
		<arg name='addr2'>0x328f8e4c0f</arg>
	</msg>
	<!-- Module loaded /share/apps/intel/compilers_and_libraries_2016.0.109/linux/mkl/lib/intel64/libmkl_intel_ilp64.so, address range [0x00002b050eae0000-0x00002b050f3bff1f] -->
	<msg id='5' source='mc'>
		<type>MODULE_LOAD</type>
		<severity>INFO</severity>
		<timestamp>Thu Jun  9 02:16:00 2016</timestamp>
		<arg name='path'>/share/apps/intel/compilers_and_libraries_2016.0.109/linux/mkl/lib/intel64/libmkl_intel_ilp64.so</arg>
		<arg name='addr1'>0x2b050eae0000</arg>
		<arg name='addr2'>0x2b050f3bff1f</arg>
	</msg>
	<!-- Module loaded /share/apps/intel/compilers_and_libraries_2016.0.109/linux/mkl/lib/intel64/libmkl_core.so, address range [0x00002b050f3c0000-0x00002b0510ca4147] -->
	<msg id='6' source='mc'>
		<type>MODULE_LOAD</type>
		<severity>INFO</severity>
		<timestamp>Thu Jun  9 02:16:00 2016</timestamp>
		<arg name='path'>/share/apps/intel/compilers_and_libraries_2016.0.109/linux/mkl/lib/intel64/libmkl_core.so</arg>
		<arg name='addr1'>0x2b050f3c0000</arg>
		<arg name='addr2'>0x2b0510ca4147</arg>
	</msg>
	<!-- Module loaded /share/apps/intel/compilers_and_libraries_2016.0.109/linux/mkl/lib/intel64/libmkl_intel_thread.so, address range [0x00002b0510ca6000-0x00002b0511ffce0f] -->
	<msg id='7' source='mc'>
		<type>MODULE_LOAD</type>
		<severity>INFO</severity>
		<timestamp>Thu Jun  9 02:16:00 2016</timestamp>
		<arg name='path'>/share/apps/intel/compilers_and_libraries_2016.0.109/linux/mkl/lib/intel64/libmkl_intel_thread.so</arg>
		<arg name='addr1'>0x2b0510ca6000</arg>
		<arg name='addr2'>0x2b0511ffce0f</arg>
	</msg>
	<!-- Module loaded /lib64/libpthread.so.0, address range [0x000000328de00000-0x000000328e01c39f] -->
	<msg id='8' source='mc'>
		<type>MODULE_LOAD</type>
		<severity>INFO</severity>
		<timestamp>Thu Jun  9 02:16:00 2016</timestamp>
		<arg name='path'>/lib64/libpthread.so.0</arg>
		<arg name='addr1'>0x328de00000</arg>
		<arg name='addr2'>0x328e01c39f</arg>
	</msg>
	<!-- Module loaded /lib64/libm.so.6, address range [0x000000328e200000-0x000000328e4830d7] -->
	<msg id='9' source='mc'>
		<type>MODULE_LOAD</type>
		<severity>INFO</severity>
		<timestamp>Thu Jun  9 02:16:00 2016</timestamp>
		<arg name='path'>/lib64/libm.so.6</arg>
		<arg name='addr1'>0x328e200000</arg>
		<arg name='addr2'>0x328e4830d7</arg>
	</msg>
	<!-- Module loaded /lib64/libdl.so.2, address range [0x000000328da00000-0x000000328dc030ff], minimal analysis -->
	<msg id='10' source='mc'>
		<type>MODULE_LOAD_NO_ANALYSIS</type>
		<severity>INFO</severity>
		<timestamp>Thu Jun  9 02:16:00 2016</timestamp>
		<arg name='path'>/lib64/libdl.so.2</arg>
		<arg name='addr1'>0x328da00000</arg>
		<arg name='addr2'>0x328dc030ff</arg>
	</msg>
	<!-- Module loaded /share/apps/intel/compilers_and_libraries_2016.0.109/linux/compiler/lib/intel64/libiomp5.so, address range [0x00002b0511ffe000-0x00002b051233ebdf], minimal analysis -->
	<msg id='11' source='mc'>
		<type>MODULE_LOAD_NO_ANALYSIS</type>
		<severity>INFO</severity>
		<timestamp>Thu Jun  9 02:16:00 2016</timestamp>
		<arg name='path'>/share/apps/intel/compilers_and_libraries_2016.0.109/linux/compiler/lib/intel64/libiomp5.so</arg>
		<arg name='addr1'>0x2b0511ffe000</arg>
		<arg name='addr2'>0x2b051233ebdf</arg>
	</msg>
	<!-- Module loaded /lib64/libgcc_s.so.1, address range [0x000000328f200000-0x000000328f415cf7] -->
	<msg id='12' source='mc'>
		<type>MODULE_LOAD</type>
		<severity>INFO</severity>
		<timestamp>Thu Jun  9 02:16:00 2016</timestamp>
		<arg name='path'>/lib64/libgcc_s.so.1</arg>
		<arg name='addr1'>0x328f200000</arg>
		<arg name='addr2'>0x328f415cf7</arg>
	</msg>
	<!-- Module loaded /lib64/libc.so.6, address range [0x000000328d600000-0x000000328d9928a7] -->
	<msg id='13' source='mc'>
		<type>MODULE_LOAD</type>
		<severity>INFO</severity>
		<timestamp>Thu Jun  9 02:16:00 2016</timestamp>
		<arg name='path'>/lib64/libc.so.6</arg>
		<arg name='addr1'>0x328d600000</arg>
		<arg name='addr2'>0x328d9928a7</arg>
	</msg>
	<!-- Module loaded /share/apps/intel/compilers_and_libraries_2016.0.109/linux/mkl/lib/intel64/libmkl_avx.so, address range [0x00002b051473b000-0x00002b0516a33d7f] -->
	<msg id='14' source='mc'>
		<type>MODULE_LOAD</type>
		<severity>INFO</severity>
		<timestamp>Thu Jun  9 02:16:00 2016</timestamp>
		<arg name='path'>/share/apps/intel/compilers_and_libraries_2016.0.109/linux/mkl/lib/intel64/libmkl_avx.so</arg>
		<arg name='addr1'>0x2b051473b000</arg>
		<arg name='addr2'>0x2b0516a33d7f</arg>
	</msg>
	<!-- Module loaded /share/apps/intel/inspector_xe_2016.1.0.423441/lib64/runtime/libittnotify.so, address range [0x00002b05129b7000-0x00002b0512bc38df], minimal analysis -->
	<msg id='15' source='mc'>
		<type>MODULE_LOAD_NO_ANALYSIS</type>
		<severity>INFO</severity>
		<timestamp>Thu Jun  9 02:16:00 2016</timestamp>
		<arg name='path'>/share/apps/intel/inspector_xe_2016.1.0.423441/lib64/runtime/libittnotify.so</arg>
		<arg name='addr1'>0x2b05129b7000</arg>
		<arg name='addr2'>0x2b0512bc38df</arg>
	</msg>