<?xml version="1.0" encoding="utf-8" ?>
<!-- DO NOT EDIT THIS FILE -->

<log version='2.0' source='tcet'>
	<!-- Sampling enabled with the following: -->
	<!--     Budget                              5: -->
	<!--     Overdraft Budget                   75: -->
	<!--     Savings Budget                      2: -->
	<!-- Opened annotation file /share/apps/intel/inspector_xe_2016.1.0.423441/lib64/../config/tc/qt.ant -->
	<!-- Opened annotation file /share/apps/intel/inspector_xe_2016.1.0.423441/lib64/../config/tc/cpp11.ant -->
	<!-- Opened annotation file /share/apps/intel/inspector_xe_2016.1.0.423441/lib64/../config/tc/fortran.ant -->
	<!-- Opened annotation file /share/apps/intel/inspector_xe_2016.1.0.423441/lib64/../config/tc/icl.ant -->
	<msg id='1' display='false' source='tccore'>
		<type>START</type>
		<severity>INFO</severity>
		<timestamp>Tue Jul  5 04:47:12 2016</timestamp>
	</msg>
	<!-- Successfully loaded CCRT 12.16.2 at address 0x2acf0e1e8000 - 0x2acf0e202000 -->
	<!-- Successfully loaded the TC Analysis Core 7.2.16 at address 0x2acf200de000 - 0x2acf2011b000 -->
	<!-- Successfully loaded the TC Instrumentation Engine 7.2.16 at address 0x2acf0d7d1000 - 0x2acf0db20000 -->
	<!-- This is the instance of interest -->
	<msg id='2' source='tcet'>
		<type>EXEC_OF_INTEREST</type>
		<severity>INFO</severity>
		<timestamp>Tue Jul  5 04:47:12 2016</timestamp>
		<arg name='process'>/home/a57816/CPD_PI_OLAP/src/query1_no_mkl</arg>
		<arg name='pid'>25591</arg>
	</msg>
	<msg id='3' source='tcet'>
		<type>LOAD_MODULE</type>
		<severity>INFO</severity>
		<timestamp>Tue Jul  5 04:47:12 2016</timestamp>
		<arg name='module'>/home/a57816/CPD_PI_OLAP/src/query1_no_mkl</arg>
		<arg name='basement'>0x400000</arg>
		<arg name='ceiling'>0x63de37</arg>
	</msg>
	<msg id='4' source='tcet'>
		<type>LOAD_MODULE</type>
		<severity>INFO</severity>
		<timestamp>Tue Jul  5 04:47:12 2016</timestamp>
		<arg name='module'>/lib64/ld-linux-x86-64.so.2</arg>
		<arg name='basement'>0x328d200000</arg>
		<arg name='ceiling'>0x328d421187</arg>
	</msg>
	<msg id='5' source='tcet'>
		<type>LOAD_MODULE</type>
		<severity>INFO</severity>
		<timestamp>Tue Jul  5 04:47:12 2016</timestamp>
		<arg name='module'>/lib64/libglib-2.0.so.0</arg>
		<arg name='basement'>0x328f600000</arg>
		<arg name='ceiling'>0x328f8e4c0f</arg>
	</msg>
	<msg id='6' source='tcet'>
		<type>LOAD_MODULE</type>
		<severity>INFO</severity>
		<timestamp>Tue Jul  5 04:47:12 2016</timestamp>
		<arg name='module'>/share/apps/intel/compilers_and_libraries_2016.0.109/linux/mkl/lib/intel64/libmkl_intel_lp64.so</arg>
		<arg name='basement'>0x2acf21311000</arg>
		<arg name='ceiling'>0x2acf21c4eeff</arg>
	</msg>
	<msg id='7' source='tcet'>
		<type>LOAD_MODULE</type>
		<severity>INFO</severity>
		<timestamp>Tue Jul  5 04:47:12 2016</timestamp>
		<arg name='module'>/share/apps/intel/compilers_and_libraries_2016.0.109/linux/mkl/lib/intel64/libmkl_core.so</arg>
		<arg name='basement'>0x2acf21c9e000</arg>
		<arg name='ceiling'>0x2acf23582147</arg>
	</msg>
	<msg id='8' source='tcet'>
		<type>LOAD_MODULE</type>
		<severity>INFO</severity>
		<timestamp>Tue Jul  5 04:47:13 2016</timestamp>
		<arg name='module'>/share/apps/intel/compilers_and_libraries_2016.0.109/linux/mkl/lib/intel64/libmkl_sequential.so</arg>
		<arg name='basement'>0x2acf23591000</arg>
		<arg name='ceiling'>0x2acf23e37d4f</arg>
	</msg>
	<msg id='9' source='tcet'>
		<type>LOAD_MODULE</type>
		<severity>INFO</severity>
		<timestamp>Tue Jul  5 04:47:13 2016</timestamp>
		<arg name='module'>/lib64/libpthread.so.0</arg>
		<arg name='basement'>0x328de00000</arg>
		<arg name='ceiling'>0x328e01c39f</arg>
	</msg>
	<msg id='10' source='tcet'>
		<type>LOAD_MODULE</type>
		<severity>INFO</severity>
		<timestamp>Tue Jul  5 04:47:13 2016</timestamp>
		<arg name='module'>/lib64/libm.so.6</arg>
		<arg name='basement'>0x328e200000</arg>
		<arg name='ceiling'>0x328e4830d7</arg>
	</msg>
	<msg id='11' source='tcet'>
		<type>LOAD_MODULE</type>
		<severity>INFO</severity>
		<timestamp>Tue Jul  5 04:47:13 2016</timestamp>
		<arg name='module'>/share/apps/intel/compilers_and_libraries_2016.0.109/linux/compiler/lib/intel64/libiomp5.so</arg>
		<arg name='basement'>0x2acf23e57000</arg>
		<arg name='ceiling'>0x2acf24197bdf</arg>
	</msg>
	<msg id='12' source='tcet'>
		<type>LOAD_MODULE</type>
		<severity>INFO</severity>
		<timestamp>Tue Jul  5 04:47:13 2016</timestamp>
		<arg name='module'>/lib64/libgcc_s.so.1</arg>
		<arg name='basement'>0x328f200000</arg>
		<arg name='ceiling'>0x328f415cf7</arg>
	</msg>
	<msg id='13' source='tcet'>
		<type>LOAD_MODULE</type>
		<severity>INFO</severity>
		<timestamp>Tue Jul  5 04:47:13 2016</timestamp>
		<arg name='module'>/lib64/libc.so.6</arg>
		<arg name='basement'>0x328d600000</arg>
		<arg name='ceiling'>0x328d9928a7</arg>
	</msg>
	<msg id='14' source='tcet'>
		<type>LOAD_MODULE</type>
		<severity>INFO</severity>
		<timestamp>Tue Jul  5 04:47:13 2016</timestamp>
		<arg name='module'>/lib64/libdl.so.2</arg>
		<arg name='basement'>0x328da00000</arg>
		<arg name='ceiling'>0x328dc030ff</arg>
	</msg>
	<msg id='15' source='tcet'>
		<type>LOAD_MODULE</type>
		<severity>INFO</severity>
		<timestamp>Tue Jul  5 04:48:13 2016</timestamp>
		<arg name='module'>/share/apps/intel/inspector_xe_2016.1.0.423441/lib64/runtime/libittnotify.so</arg>
		<arg name='basement'>0x2acf25869000</arg>
		<arg name='ceiling'>0x2acf25a758df</arg>
	</msg>
	<!-- Thread 1 effective sampling rate is 0/0 -->
	<!-- Thread 2 effective sampling rate is 0/0 -->
	<!-- Thread 3 effective sampling rate is 0/0 -->
	<!-- Thread 4 effective sampling rate is 0/0 -->
	<!-- Thread 5 effective sampling rate is 0/0 -->
	<!-- Thread 6 effective sampling rate is 0/0 -->
	<!-- Thread 7 effective sampling rate is 0/0 -->
	<!-- Thread 8 effective sampling rate is 0/0 -->
	<!-- Thread 9 effective sampling rate is 0/0 -->
	<!-- Thread 10 effective sampling rate is 0/0 -->
	<!-- Thread 11 effective sampling rate is 0/0 -->
	<!-- Thread 12 effective sampling rate is 0/0 -->
	<!-- Thread 13 effective sampling rate is 0/0 -->
	<!-- Thread 14 effective sampling rate is 0/0 -->
	<!-- Thread 15 effective sampling rate is 0/0 -->
	<!-- Thread 16 effective sampling rate is 0/0 -->
	<!-- Thread 17 effective sampling rate is 0/0 -->
	<!-- Thread 18 effective sampling rate is 0/0 -->
	<!-- Thread 19 effective sampling rate is 0/0 -->
	<!-- Thread 20 effective sampling rate is 0/0 -->
	<!-- Thread 21 effective sampling rate is 0/0 -->
	<!-- Thread 22 effective sampling rate is 0/0 -->
	<!-- Thread 23 effective sampling rate is 0/0 -->
	<!-- Thread 24 effective sampling rate is 0/0 -->
	<!-- Thread 25 effective sampling rate is 0/0 -->
	<!-- Thread 26 effective sampling rate is 0/0 -->
	<!-- Thread 27 effective sampling rate is 0/0 -->
	<!-- Thread 28 effective sampling rate is 0/0 -->
	<!-- Thread 29 effective sampling rate is 0/0 -->
	<!-- Thread 30 effective sampling rate is 0/0 -->
	<!-- Thread 31 effective sampling rate is 0/0 -->
	<!-- Thread 32 effective sampling rate is 0/0 -->
	<!-- Thread 33 effective sampling rate is 0/0 -->
	<!-- Thread 34 effective sampling rate is 0/0 -->
	<!-- Thread 35 effective sampling rate is 0/0 -->
	<!-- Thread 36 effective sampling rate is 0/0 -->
	<!-- Thread 37 effective sampling rate is 0/0 -->
	<!-- Thread 38 effective sampling rate is 0/0 -->
	<!-- Thread 39 effective sampling rate is 0/0 -->
	<!-- Thread 40 effective sampling rate is 0/0 -->
	<!-- Thread 0 effective sampling rate is 0/0 -->
	<msg id='16' source='tcet'>
		<type>UNLOAD_MODULE</type>
		<severity>INFO</severity>
		<timestamp>Tue Jul  5 04:48:18 2016</timestamp>
		<arg name='module'>/home/a57816/CPD_PI_OLAP/src/query1_no_mkl</arg>
	</msg>
	<msg id='17' source='tcet'>
		<type>UNLOAD_MODULE</type>
		<severity>INFO</severity>
		<timestamp>Tue Jul  5 04:48:18 2016</timestamp>
		<arg name='module'>/lib64/ld-linux-x86-64.so.2</arg>
	</msg>
	<msg id='18' source='tcet'>
		<type>UNLOAD_MODULE</type>
		<severity>INFO</severity>
		<timestamp>Tue Jul  5 04:48:18 2016</timestamp>
		<arg name='module'>/lib64/libglib-2.0.so.0</arg>
	</msg>
	<msg id='19' source='tcet'>
		<type>UNLOAD_MODULE</type>
		<severity>INFO</severity>
		<timestamp>Tue Jul  5 04:48:18 2016</timestamp>
		<arg name='module'>/share/apps/intel/compilers_and_libraries_2016.0.109/linux/mkl/lib/intel64/libmkl_intel_lp64.so</arg>
	</msg>
	<msg id='20' source='tcet'>
		<type>UNLOAD_MODULE</type>
		<severity>INFO</severity>
		<timestamp>Tue Jul  5 04:48:18 2016</timestamp>
		<arg name='module'>/share/apps/intel/compilers_and_libraries_2016.0.109/linux/mkl/lib/intel64/libmkl_core.so</arg>
	</msg>
	<msg id='21' source='tcet'>
		<type>UNLOAD_MODULE</type>
		<severity>INFO</severity>
		<timestamp>Tue Jul  5 04:48:18 2016</timestamp>
		<arg name='module'>/share/apps/intel/compilers_and_libraries_2016.0.109/linux/mkl/lib/intel64/libmkl_sequential.so</arg>
	</msg>
	<msg id='22' source='tcet'>
		<type>UNLOAD_MODULE</type>
		<severity>INFO</severity>
		<timestamp>Tue Jul  5 04:48:18 2016</timestamp>
		<arg name='module'>/lib64/libpthread.so.0</arg>
	</msg>
	<msg id='23' source='tcet'>
		<type>UNLOAD_MODULE</type>
		<severity>INFO</severity>
		<timestamp>Tue Jul  5 04:48:18 2016</timestamp>
		<arg name='module'>/lib64/libm.so.6</arg>
	</msg>
	<msg id='24' source='tcet'>
		<type>UNLOAD_MODULE</type>
		<severity>INFO</severity>
		<timestamp>Tue Jul  5 04:48:18 2016</timestamp>
		<arg name='module'>/share/apps/intel/compilers_and_libraries_2016.0.109/linux/compiler/lib/intel64/libiomp5.so</arg>
	</msg>
	<msg id='25' source='tcet'>
		<type>UNLOAD_MODULE</type>
		<severity>INFO</severity>
		<timestamp>Tue Jul  5 04:48:18 2016</timestamp>
		<arg name='module'>/lib64/libgcc_s.so.1</arg>
	</msg>
	<msg id='26' source='tcet'>
		<type>UNLOAD_MODULE</type>
		<severity>INFO</severity>
		<timestamp>Tue Jul  5 04:48:18 2016</timestamp>
		<arg name='module'>/lib64/libc.so.6</arg>
	</msg>
	<msg id='27' source='tcet'>
		<type>UNLOAD_MODULE</type>
		<severity>INFO</severity>
		<timestamp>Tue Jul  5 04:48:18 2016</timestamp>
		<arg name='module'>/lib64/libdl.so.2</arg>
	</msg>
	<msg id='28' source='tcet'>
		<type>UNLOAD_MODULE</type>
		<severity>INFO</severity>
		<timestamp>Tue Jul  5 04:48:18 2016</timestamp>
		<arg name='module'>/share/apps/intel/inspector_xe_2016.1.0.423441/lib64/runtime/libittnotify.so</arg>
	</msg>
	<msg id='29' source='tcet'>
		<type>PROCESS_TERMINATE</type>
		<severity>INFO</severity>
		<timestamp>Tue Jul  5 04:48:18 2016</timestamp>
		<arg name='process'>/home/a57816/CPD_PI_OLAP/src/query1_no_mkl</arg>
		<arg name='pid'>25591</arg>
	</msg>
	<msg id='30' display='false' source='tccore'>
		<type>ANALYSIS_COMPLETE</type>
		<severity>INFO</severity>
		<timestamp>Tue Jul  5 04:48:18 2016</timestamp>
	</msg>
	<msg id='31' display='false' source='tccore'>
		<type>STOP</type>
		<severity>INFO</severity>
		<timestamp>Tue Jul  5 04:48:18 2016</timestamp>
	</msg>
</log>