<?xml version="1.0" encoding="UTF-8"?>
<feedback>
 <message severity="verbose">Analysis started...</message>
 <nop/>
 <message severity="verbose">Result file: /home/a57779/CPD/PI/CPD_PI_OLAP/src/InspectorOutput_8gc_mi1/InspectorOutput_8gc_mi1.inspxe </message>
 <nop/>
 <message severity="verbose">Analysis started for /home/a57779/CPD/PI/CPD_PI_OLAP/src/query1_no_mkl (pid = 18389) </message>
 <nop/>
 <message severity="verbose">Loaded module: /home/a57779/CPD/PI/CPD_PI_OLAP/src/query1_no_mkl, address range [0x400000-0x63bbd7] </message>
 <nop/>
 <message severity="verbose">Loaded module: /lib64/ld-linux-x86-64.so.2, address range [0x328d200000-0x328d421187], minimal analysis </message>
 <nop/>
 <message severity="verbose">Loaded module: /lib64/libglib-2.0.so.0, address range [0x328f600000-0x328f8e4c0f] </message>
 <nop/>
 <message severity="verbose">Loaded module: /share/apps/intel/compilers_and_libraries_2016.0.109/linux/mkl/lib/intel64/libmkl_intel_lp64.so, address range [0x2b87376d5000-0x2b8738012eff] </message>
 <nop/>
 <message severity="verbose">Loaded module: /share/apps/intel/compilers_and_libraries_2016.0.109/linux/mkl/lib/intel64/libmkl_core.so, address range [0x2b8738013000-0x2b87398f7147] </message>
 <nop/>
 <message severity="verbose">Loaded module: /share/apps/intel/compilers_and_libraries_2016.0.109/linux/mkl/lib/intel64/libmkl_sequential.so, address range [0x2b87398f9000-0x2b873a19fd4f] </message>
 <nop/>
 <message severity="verbose">Loaded module: /lib64/libpthread.so.0, address range [0x328de00000-0x328e01c39f] </message>
 <nop/>
 <message severity="verbose">Loaded module: /lib64/libm.so.6, address range [0x328e200000-0x328e4830d7] </message>
 <nop/>
 <message severity="verbose">Loaded module: /share/apps/intel/compilers_and_libraries_2016.0.109/linux/compiler/lib/intel64/libiomp5.so, address range [0x2b873a1a1000-0x2b873a4e1bdf], minimal analysis </message>
 <nop/>
 <message severity="verbose">Loaded module: /lib64/libgcc_s.so.1, address range [0x328f200000-0x328f415cf7] </message>
 <nop/>
 <message severity="verbose">Loaded module: /lib64/libc.so.6, address range [0x328d600000-0x328d9928a7] </message>
 <nop/>
 <message severity="verbose">Loaded module: /lib64/libdl.so.2, address range [0x328da00000-0x328dc030ff], minimal analysis </message>
 <nop/>
 <message severity="verbose">Application exit code: 137 </message>
 <nop/>
 <message severity="verbose">Result file: /home/a57779/CPD/PI/CPD_PI_OLAP/src/InspectorOutput_8gc_mi1/InspectorOutput_8gc_mi1.inspxe </message>
 <nop/>
 <message severity="verbose">Analysis completed</message>
 <nop/>
 <message severity="warning">Encountered an issue while loading result [/home/a57779/CPD/PI/CPD_PI_OLAP/src/InspectorOutput_8gc_mi1]. Run terminated abnormally. Some data may be lost. </message>
 <nop/>
 <message severity="info">  </message>
 <nop/>
 <message severity="info">0 new problem(s) found </message>
 <nop/>
</feedback>
