<?xml version="1.0" encoding="utf-8"?>
<log version="1.0" tool="runtool">

<msg id="1" tool="runtool">
  <type>log-start</type>
  <arg>2016/07/05 04:41:09</arg>
</msg>
<msg id="2" tool="runtool">
  <type>collector-starts</type>
</msg>
<msg id="3" tool="runtool">
  <type>marker-file</type>
  <arg>/home/a57816/CPD_PI_OLAP/src/InspectorData/ti2/ti2.inspxe</arg>
</msg>
<msg id="4" tool="tc">
  <type>START</type>
  <severity>INFO</severity>
  <timestamp>Tue Jul  5 04:41:09 2016</timestamp>
</msg>
<msg id="5" tool="tc">
  <type>EXEC_OF_INTEREST</type>
  <arg>/home/a57816/CPD_PI_OLAP/src/query1_no_mkl</arg>
  <arg>25429</arg>
  <severity>INFO</severity>
  <timestamp>Tue Jul  5 04:41:09 2016</timestamp>
</msg>
<msg id="6" tool="tc">
  <type>LOAD_MODULE</type>
  <arg>/home/a57816/CPD_PI_OLAP/src/query1_no_mkl</arg>
  <arg>0x400000</arg>
  <arg>0x63de37</arg>
  <severity>INFO</severity>
  <timestamp>Tue Jul  5 04:41:09 2016</timestamp>
</msg>
<msg id="7" tool="tc">
  <type>LOAD_MODULE</type>
  <arg>/lib64/ld-linux-x86-64.so.2</arg>
  <arg>0x328d200000</arg>
  <arg>0x328d421187</arg>
  <severity>INFO</severity>
  <timestamp>Tue Jul  5 04:41:09 2016</timestamp>
</msg>
<msg id="8" tool="tc">
  <type>LOAD_MODULE</type>
  <arg>/lib64/libglib-2.0.so.0</arg>
  <arg>0x328f600000</arg>
  <arg>0x328f8e4c0f</arg>
  <severity>INFO</severity>
  <timestamp>Tue Jul  5 04:41:09 2016</timestamp>
</msg>
<msg id="9" tool="tc">
  <type>LOAD_MODULE</type>
  <arg>/share/apps/intel/compilers_and_libraries_2016.0.109/linux/mkl/lib/intel64/libmkl_intel_lp64.so</arg>
  <arg>0x2b22a9946000</arg>
  <arg>0x2b22aa283eff</arg>
  <severity>INFO</severity>
  <timestamp>Tue Jul  5 04:41:09 2016</timestamp>
</msg>
<msg id="10" tool="tc">
  <type>LOAD_MODULE</type>
  <arg>/share/apps/intel/compilers_and_libraries_2016.0.109/linux/mkl/lib/intel64/libmkl_core.so</arg>
  <arg>0x2b22aa2d3000</arg>
  <arg>0x2b22abbb7147</arg>
  <severity>INFO</severity>
  <timestamp>Tue Jul  5 04:41:10 2016</timestamp>
</msg>
<msg id="11" tool="tc">
  <type>LOAD_MODULE</type>
  <arg>/share/apps/intel/compilers_and_libraries_2016.0.109/linux/mkl/lib/intel64/libmkl_sequential.so</arg>
  <arg>0x2b22abbc6000</arg>
  <arg>0x2b22ac46cd4f</arg>
  <severity>INFO</severity>
  <timestamp>Tue Jul  5 04:41:10 2016</timestamp>
</msg>
<msg id="12" tool="tc">
  <type>LOAD_MODULE</type>
  <arg>/lib64/libpthread.so.0</arg>
  <arg>0x328de00000</arg>
  <arg>0x328e01c39f</arg>
  <severity>INFO</severity>
  <timestamp>Tue Jul  5 04:41:10 2016</timestamp>
</msg>
<msg id="13" tool="tc">
  <type>LOAD_MODULE</type>
  <arg>/lib64/libm.so.6</arg>
  <arg>0x328e200000</arg>
  <arg>0x328e4830d7</arg>
  <severity>INFO</severity>
  <timestamp>Tue Jul  5 04:41:10 2016</timestamp>
</msg>
<msg id="14" tool="tc">
  <type>LOAD_MODULE</type>
  <arg>/share/apps/intel/compilers_and_libraries_2016.0.109/linux/compiler/lib/intel64/libiomp5.so</arg>
  <arg>0x2b22ac48c000</arg>
  <arg>0x2b22ac7ccbdf</arg>
  <severity>INFO</severity>
  <timestamp>Tue Jul  5 04:41:10 2016</timestamp>
</msg>
<msg id="15" tool="tc">
  <type>LOAD_MODULE</type>
  <arg>/lib64/libgcc_s.so.1</arg>
  <arg>0x328f200000</arg>
  <arg>0x328f415cf7</arg>
  <severity>INFO</severity>
  <timestamp>Tue Jul  5 04:41:10 2016</timestamp>
</msg>
<msg id="16" tool="tc">
  <type>LOAD_MODULE</type>
  <arg>/lib64/libc.so.6</arg>
  <arg>0x328d600000</arg>
  <arg>0x328d9928a7</arg>
  <severity>INFO</severity>
  <timestamp>Tue Jul  5 04:41:10 2016</timestamp>
</msg>
<msg id="17" tool="tc">
  <type>LOAD_MODULE</type>
  <arg>/lib64/libdl.so.2</arg>
  <arg>0x328da00000</arg>
  <arg>0x328dc030ff</arg>
  <severity>INFO</severity>
  <timestamp>Tue Jul  5 04:41:10 2016</timestamp>
</msg>
<msg id="18" tool="tc">
  <type>LOAD_MODULE</type>
  <arg>/share/apps/intel/inspector_xe_2016.1.0.423441/lib64/runtime/libittnotify.so</arg>
  <arg>0x2b22c4c87000</arg>
  <arg>0x2b22c4e938df</arg>
  <severity>INFO</severity>
  <timestamp>Tue Jul  5 04:42:19 2016</timestamp>
</msg>
<msg id="19" tool="tc">
  <type>CTSA_NO_STACK</type>
  <severity>WARNING</severity>
  <timestamp>Tue Jul  5 04:42:21 2016</timestamp>
</msg>
<msg id="20" tool="tc">
  <type>UNLOAD_MODULE</type>
  <arg>/home/a57816/CPD_PI_OLAP/src/query1_no_mkl</arg>
  <severity>INFO</severity>
  <timestamp>Tue Jul  5 04:42:31 2016</timestamp>
</msg>
<msg id="21" tool="tc">
  <type>UNLOAD_MODULE</type>
  <arg>/lib64/ld-linux-x86-64.so.2</arg>
  <severity>INFO</severity>
  <timestamp>Tue Jul  5 04:42:31 2016</timestamp>
</msg>
<msg id="22" tool="tc">
  <type>UNLOAD_MODULE</type>
  <arg>/lib64/libglib-2.0.so.0</arg>
  <severity>INFO</severity>
  <timestamp>Tue Jul  5 04:42:31 2016</timestamp>
</msg>
<msg id="23" tool="tc">
  <type>UNLOAD_MODULE</type>
  <arg>/share/apps/intel/compilers_and_libraries_2016.0.109/linux/mkl/lib/intel64/libmkl_intel_lp64.so</arg>
  <severity>INFO</severity>
  <timestamp>Tue Jul  5 04:42:31 2016</timestamp>
</msg>
<msg id="24" tool="tc">
  <type>UNLOAD_MODULE</type>
  <arg>/share/apps/intel/compilers_and_libraries_2016.0.109/linux/mkl/lib/intel64/libmkl_core.so</arg>
  <severity>INFO</severity>
  <timestamp>Tue Jul  5 04:42:31 2016</timestamp>
</msg>
<msg id="25" tool="tc">
  <type>UNLOAD_MODULE</type>
  <arg>/share/apps/intel/compilers_and_libraries_2016.0.109/linux/mkl/lib/intel64/libmkl_sequential.so</arg>
  <severity>INFO</severity>
  <timestamp>Tue Jul  5 04:42:32 2016</timestamp>
</msg>
<msg id="26" tool="tc">
  <type>UNLOAD_MODULE</type>
  <arg>/lib64/libpthread.so.0</arg>
  <severity>INFO</severity>
  <timestamp>Tue Jul  5 04:42:32 2016</timestamp>
</msg>
<msg id="27" tool="tc">
  <type>UNLOAD_MODULE</type>
  <arg>/lib64/libm.so.6</arg>
  <severity>INFO</severity>
  <timestamp>Tue Jul  5 04:42:32 2016</timestamp>
</msg>
<msg id="28" tool="tc">
  <type>UNLOAD_MODULE</type>
  <arg>/share/apps/intel/compilers_and_libraries_2016.0.109/linux/compiler/lib/intel64/libiomp5.so</arg>
  <severity>INFO</severity>
  <timestamp>Tue Jul  5 04:42:32 2016</timestamp>
</msg>
<msg id="29" tool="tc">
  <type>UNLOAD_MODULE</type>
  <arg>/lib64/libgcc_s.so.1</arg>
  <severity>INFO</severity>
  <timestamp>Tue Jul  5 04:42:32 2016</timestamp>
</msg>
<msg id="30" tool="tc">
  <type>UNLOAD_MODULE</type>
  <arg>/lib64/libc.so.6</arg>
  <severity>INFO</severity>
  <timestamp>Tue Jul  5 04:42:32 2016</timestamp>
</msg>
<msg id="31" tool="tc">
  <type>UNLOAD_MODULE</type>
  <arg>/lib64/libdl.so.2</arg>
  <severity>INFO</severity>
  <timestamp>Tue Jul  5 04:42:32 2016</timestamp>
</msg>
<msg id="32" tool="tc">
  <type>UNLOAD_MODULE</type>
  <arg>/share/apps/intel/inspector_xe_2016.1.0.423441/lib64/runtime/libittnotify.so</arg>
  <severity>INFO</severity>
  <timestamp>Tue Jul  5 04:42:32 2016</timestamp>
</msg>
<msg id="33" tool="tc">
  <type>PROCESS_TERMINATE</type>
  <arg>/home/a57816/CPD_PI_OLAP/src/query1_no_mkl</arg>
  <arg>25429</arg>
  <severity>INFO</severity>
  <timestamp>Tue Jul  5 04:42:32 2016</timestamp>
</msg>
<msg id="34" tool="tc">
  <type>ANALYSIS_COMPLETE</type>
  <severity>INFO</severity>
  <timestamp>Tue Jul  5 04:42:32 2016</timestamp>
</msg>
<msg id="35" tool="tc">
  <type>STOP</type>
  <severity>INFO</severity>
  <timestamp>Tue Jul  5 04:42:32 2016</timestamp>
</msg>
<msg id="36" tool="runtool">
  <type>app-exit-code</type>
  <arg>0</arg>
</msg>
<msg id="37" tool="runtool">
  <type>marker-file</type>
  <arg>/home/a57816/CPD_PI_OLAP/src/InspectorData/ti2/ti2.inspxe</arg>
</msg>
<msg id="38" tool="runtool">
  <type>collector-done</type>
</msg>
<msg id="39" tool="runtool">
  <type>log-end</type>
  <arg>2016/07/05 04:42:35</arg>
</msg>

</log>

