c:\users\filipeoliveira\documents\cpd_pi_olap\windows_src\x64\debug\windows_src.obj
c:\users\filipeoliveira\documents\cpd_pi_olap\windows_src\x64\debug\vc140.pdb
c:\users\filipe~1\appdata\local\temp\lnk{e3f26b21-0210-4a7f-8469-d668969d72c3}.tmp
c:\users\filipeoliveira\documents\cpd_pi_olap\windows_src\x64\debug\windows_src.ilk
c:\users\filipeoliveira\documents\cpd_pi_olap\windows_src\x64\debug\windows_src.exe
c:\users\filipeoliveira\documents\cpd_pi_olap\windows_src\x64\debug\windows_src.pdb
c:\users\filipeoliveira\documents\cpd_pi_olap\windows_src\x64\debug\windows_src.tlog\icl-mcpcom.read.1.tlog
c:\users\filipeoliveira\documents\cpd_pi_olap\windows_src\x64\debug\windows_src.tlog\icl-mcpcom.write.1.tlog
c:\users\filipeoliveira\documents\cpd_pi_olap\windows_src\x64\debug\windows_src.tlog\icl.command.1.tlog
c:\users\filipeoliveira\documents\cpd_pi_olap\windows_src\x64\debug\windows_src.tlog\icl.read.1.tlog
c:\users\filipeoliveira\documents\cpd_pi_olap\windows_src\x64\debug\windows_src.tlog\icl.write.1.tlog
c:\users\filipeoliveira\documents\cpd_pi_olap\windows_src\x64\debug\windows_src.tlog\xilink-link-cvtres.read.1.tlog
c:\users\filipeoliveira\documents\cpd_pi_olap\windows_src\x64\debug\windows_src.tlog\xilink-link-cvtres.write.1.tlog
c:\users\filipeoliveira\documents\cpd_pi_olap\windows_src\x64\debug\windows_src.tlog\xilink-link-rc.read.1.tlog
c:\users\filipeoliveira\documents\cpd_pi_olap\windows_src\x64\debug\windows_src.tlog\xilink-link-rc.write.1.tlog
c:\users\filipeoliveira\documents\cpd_pi_olap\windows_src\x64\debug\windows_src.tlog\xilink-link.read.1.tlog
c:\users\filipeoliveira\documents\cpd_pi_olap\windows_src\x64\debug\windows_src.tlog\xilink-link.read.2.tlog
c:\users\filipeoliveira\documents\cpd_pi_olap\windows_src\x64\debug\windows_src.tlog\xilink-link.write.1.tlog
c:\users\filipeoliveira\documents\cpd_pi_olap\windows_src\x64\debug\windows_src.tlog\xilink-mcpcom.read.1.tlog
c:\users\filipeoliveira\documents\cpd_pi_olap\windows_src\x64\debug\windows_src.tlog\xilink-mcpcom.write.1.tlog
c:\users\filipeoliveira\documents\cpd_pi_olap\windows_src\x64\debug\windows_src.tlog\xilink.command.1.tlog
c:\users\filipeoliveira\documents\cpd_pi_olap\windows_src\x64\debug\windows_src.tlog\xilink.read.1.tlog
c:\users\filipeoliveira\documents\cpd_pi_olap\windows_src\x64\debug\windows_src.tlog\xilink.write.1.tlog
