<?xml version="1.0" encoding="utf-8"?>
<log version="1.0" tool="runtool">

<msg id="1" tool="runtool">
  <type>log-start</type>
  <arg>2016/07/05 05:08:52</arg>
</msg>
<msg id="2" tool="runtool">
  <type>status</type>
  <arg> </arg>
</msg>
<msg id="3" tool="runtool">
  <type>problems-total</type>
  <arg>3</arg>
</msg>
<msg id="4" tool="runtool">
  <type>problems-type</type>
  <arg>    2 Memory leak</arg>
</msg>
<msg id="5" tool="runtool">
  <type>problems-type</type>
  <arg>    1 Memory not deallocated</arg>
</msg>
<msg id="6" tool="runtool">
  <type>log-end</type>
  <arg>2016/07/05 05:12:31</arg>
</msg>

</log>

