<?xml version="1.0" encoding="utf-8"?>
<log version="1.0" tool="runtool">

<msg id="1" tool="runtool">
  <type>log-start</type>
  <arg>2016/07/05 05:08:53</arg>
</msg>
<msg id="2" tool="runtool">
  <type>collector-starts</type>
</msg>
<msg id="3" tool="runtool">
  <type>marker-file</type>
  <arg>/home/a57816/CPD_PI_OLAP/src/InspectorData/mi3/mi3.inspxe</arg>
</msg>
<msg id="4" tool="mc">
  <type>EXEC_OF_INTEREST</type>
  <arg>/home/a57816/CPD_PI_OLAP/src/query1_no_mkl</arg>
  <arg>25740</arg>
  <severity>INFO</severity>
  <timestamp>Tue Jul  5 05:08:53 2016</timestamp>
</msg>
<msg id="5" tool="mc">
  <type>MODULE_LOAD</type>
  <arg>/home/a57816/CPD_PI_OLAP/src/query1_no_mkl</arg>
  <arg>0x400000</arg>
  <arg>0x63de77</arg>
  <severity>INFO</severity>
  <timestamp>Tue Jul  5 05:08:53 2016</timestamp>
</msg>
<msg id="6" tool="mc">
  <type>MODULE_LOAD_NO_ANALYSIS</type>
  <arg>/lib64/ld-linux-x86-64.so.2</arg>
  <arg>0x328d200000</arg>
  <arg>0x328d421187</arg>
  <severity>INFO</severity>
  <timestamp>Tue Jul  5 05:08:53 2016</timestamp>
</msg>
<msg id="7" tool="mc">
  <type>MODULE_LOAD</type>
  <arg>/lib64/libglib-2.0.so.0</arg>
  <arg>0x328f600000</arg>
  <arg>0x328f8e4c0f</arg>
  <severity>INFO</severity>
  <timestamp>Tue Jul  5 05:08:53 2016</timestamp>
</msg>
<msg id="8" tool="mc">
  <type>MODULE_LOAD</type>
  <arg>/share/apps/intel/compilers_and_libraries_2016.0.109/linux/mkl/lib/intel64/libmkl_intel_lp64.so</arg>
  <arg>0x2ad18f297000</arg>
  <arg>0x2ad18fbd4eff</arg>
  <severity>INFO</severity>
  <timestamp>Tue Jul  5 05:08:53 2016</timestamp>
</msg>
<msg id="9" tool="mc">
  <type>MODULE_LOAD</type>
  <arg>/share/apps/intel/compilers_and_libraries_2016.0.109/linux/mkl/lib/intel64/libmkl_core.so</arg>
  <arg>0x2ad18fc31000</arg>
  <arg>0x2ad191515147</arg>
  <severity>INFO</severity>
  <timestamp>Tue Jul  5 05:08:53 2016</timestamp>
</msg>
<msg id="10" tool="mc">
  <type>MODULE_LOAD</type>
  <arg>/share/apps/intel/compilers_and_libraries_2016.0.109/linux/mkl/lib/intel64/libmkl_sequential.so</arg>
  <arg>0x2ad1915c8000</arg>
  <arg>0x2ad191e6ed4f</arg>
  <severity>INFO</severity>
  <timestamp>Tue Jul  5 05:08:54 2016</timestamp>
</msg>
<msg id="11" tool="mc">
  <type>MODULE_LOAD</type>
  <arg>/lib64/libpthread.so.0</arg>
  <arg>0x328de00000</arg>
  <arg>0x328e01c39f</arg>
  <severity>INFO</severity>
  <timestamp>Tue Jul  5 05:08:54 2016</timestamp>
</msg>
<msg id="12" tool="mc">
  <type>MODULE_LOAD</type>
  <arg>/lib64/libm.so.6</arg>
  <arg>0x328e200000</arg>
  <arg>0x328e4830d7</arg>
  <severity>INFO</severity>
  <timestamp>Tue Jul  5 05:08:54 2016</timestamp>
</msg>
<msg id="13" tool="mc">
  <type>MODULE_LOAD_NO_ANALYSIS</type>
  <arg>/share/apps/intel/compilers_and_libraries_2016.0.109/linux/compiler/lib/intel64/libiomp5.so</arg>
  <arg>0x2ad191f11000</arg>
  <arg>0x2ad192251bdf</arg>
  <severity>INFO</severity>
  <timestamp>Tue Jul  5 05:08:54 2016</timestamp>
</msg>
<msg id="14" tool="mc">
  <type>MODULE_LOAD</type>
  <arg>/lib64/libgcc_s.so.1</arg>
  <arg>0x328f200000</arg>
  <arg>0x328f415cf7</arg>
  <severity>INFO</severity>
  <timestamp>Tue Jul  5 05:08:54 2016</timestamp>
</msg>
<msg id="15" tool="mc">
  <type>MODULE_LOAD</type>
  <arg>/lib64/libc.so.6</arg>
  <arg>0x328d600000</arg>
  <arg>0x328d9928a7</arg>
  <severity>INFO</severity>
  <timestamp>Tue Jul  5 05:08:54 2016</timestamp>
</msg>
<msg id="16" tool="mc">
  <type>MODULE_LOAD_NO_ANALYSIS</type>
  <arg>/lib64/libdl.so.2</arg>
  <arg>0x328da00000</arg>
  <arg>0x328dc030ff</arg>
  <severity>INFO</severity>
  <timestamp>Tue Jul  5 05:08:54 2016</timestamp>
</msg>
<msg id="17" tool="mc">
  <type>MODULE_LOAD_NO_ANALYSIS</type>
  <arg>/share/apps/intel/inspector_xe_2016.1.0.423441/lib64/runtime/libittnotify.so</arg>
  <arg>0x2ad193dd9000</arg>
  <arg>0x2ad193fe58df</arg>
  <severity>INFO</severity>
  <timestamp>Tue Jul  5 05:12:07 2016</timestamp>
</msg>
<msg id="18" tool="mc">
  <type>PROCESS_COMPLETE</type>
  <arg>/home/a57816/CPD_PI_OLAP/src/query1_no_mkl</arg>
  <arg>0</arg>
  <severity>INFO</severity>
  <timestamp>Tue Jul  5 05:12:26 2016</timestamp>
</msg>
<msg id="19" tool="mc">
  <type>MODULE_UNLOAD</type>
  <arg>/home/a57816/CPD_PI_OLAP/src/query1_no_mkl</arg>
  <severity>INFO</severity>
  <timestamp>Tue Jul  5 05:12:26 2016</timestamp>
</msg>
<msg id="20" tool="mc">
  <type>MODULE_UNLOAD</type>
  <arg>/lib64/ld-linux-x86-64.so.2</arg>
  <severity>INFO</severity>
  <timestamp>Tue Jul  5 05:12:26 2016</timestamp>
</msg>
<msg id="21" tool="mc">
  <type>MODULE_UNLOAD</type>
  <arg>/lib64/libglib-2.0.so.0</arg>
  <severity>INFO</severity>
  <timestamp>Tue Jul  5 05:12:26 2016</timestamp>
</msg>
<msg id="22" tool="mc">
  <type>MODULE_UNLOAD</type>
  <arg>/share/apps/intel/compilers_and_libraries_2016.0.109/linux/mkl/lib/intel64/libmkl_intel_lp64.so</arg>
  <severity>INFO</severity>
  <timestamp>Tue Jul  5 05:12:26 2016</timestamp>
</msg>
<msg id="23" tool="mc">
  <type>MODULE_UNLOAD</type>
  <arg>/share/apps/intel/compilers_and_libraries_2016.0.109/linux/mkl/lib/intel64/libmkl_core.so</arg>
  <severity>INFO</severity>
  <timestamp>Tue Jul  5 05:12:26 2016</timestamp>
</msg>
<msg id="24" tool="mc">
  <type>MODULE_UNLOAD</type>
  <arg>/share/apps/intel/compilers_and_libraries_2016.0.109/linux/mkl/lib/intel64/libmkl_sequential.so</arg>
  <severity>INFO</severity>
  <timestamp>Tue Jul  5 05:12:26 2016</timestamp>
</msg>
<msg id="25" tool="mc">
  <type>MODULE_UNLOAD</type>
  <arg>/lib64/libpthread.so.0</arg>
  <severity>INFO</severity>
  <timestamp>Tue Jul  5 05:12:26 2016</timestamp>
</msg>
<msg id="26" tool="mc">
  <type>MODULE_UNLOAD</type>
  <arg>/lib64/libm.so.6</arg>
  <severity>INFO</severity>
  <timestamp>Tue Jul  5 05:12:26 2016</timestamp>
</msg>
<msg id="27" tool="mc">
  <type>MODULE_UNLOAD</type>
  <arg>/share/apps/intel/compilers_and_libraries_2016.0.109/linux/compiler/lib/intel64/libiomp5.so</arg>
  <severity>INFO</severity>
  <timestamp>Tue Jul  5 05:12:26 2016</timestamp>
</msg>
<msg id="28" tool="mc">
  <type>MODULE_UNLOAD</type>
  <arg>/lib64/libgcc_s.so.1</arg>
  <severity>INFO</severity>
  <timestamp>Tue Jul  5 05:12:26 2016</timestamp>
</msg>
<msg id="29" tool="mc">
  <type>MODULE_UNLOAD</type>
  <arg>/lib64/libc.so.6</arg>
  <severity>INFO</severity>
  <timestamp>Tue Jul  5 05:12:26 2016</timestamp>
</msg>
<msg id="30" tool="mc">
  <type>MODULE_UNLOAD</type>
  <arg>/lib64/libdl.so.2</arg>
  <severity>INFO</severity>
  <timestamp>Tue Jul  5 05:12:26 2016</timestamp>
</msg>
<msg id="31" tool="mc">
  <type>MODULE_UNLOAD</type>
  <arg>/share/apps/intel/inspector_xe_2016.1.0.423441/lib64/runtime/libittnotify.so</arg>
  <severity>INFO</severity>
  <timestamp>Tue Jul  5 05:12:26 2016</timestamp>
</msg>
<msg id="32" tool="mc">
  <type>ANALYSIS_COMPLETE</type>
  <arg>/home/a57816/CPD_PI_OLAP/src/query1_no_mkl</arg>
  <severity>INFO</severity>
  <timestamp>Tue Jul  5 05:12:26 2016</timestamp>
</msg>
<msg id="33" tool="runtool">
  <type>app-exit-code</type>
  <arg>0</arg>
</msg>
<msg id="34" tool="runtool">
  <type>marker-file</type>
  <arg>/home/a57816/CPD_PI_OLAP/src/InspectorData/mi3/mi3.inspxe</arg>
</msg>
<msg id="35" tool="runtool">
  <type>collector-done</type>
</msg>
<msg id="36" tool="runtool">
  <type>log-end</type>
  <arg>2016/07/05 05:12:30</arg>
</msg>

</log>

