<?xml version="1.0" encoding="utf-8" ?>
<!-- DO NOT EDIT THIS FILE -->

<log version='2.0' source='mc'>
	<!-- Successfully loaded CCRT at address 0x2b394ab1a000 - 0x2b394ab34000 -->
	<!-- Successfully loaded MC at address 0x2b394a618000 - 0x2b394a6c9000 -->
	<!-- Analysis started for /home/a57779/CPD/PI/CPD_PI_OLAP/src/query1_no_mkl, pid = 18802 -->
	<msg id='1' source='mc'>
		<type>EXEC_OF_INTEREST</type>
		<severity>INFO</severity>
		<timestamp>Sat Jul  2 17:59:57 2016</timestamp>
		<arg name='path'>/home/a57779/CPD/PI/CPD_PI_OLAP/src/query1_no_mkl</arg>
		<arg name='pid'>18802</arg>
	</msg>
	<!-- Command line: /share/apps/intel/inspector_xe_2016.1.0.423441/bin64/pinbin -p32 /share/apps/intel/inspector_xe_2016.1.0.423441/bin32/pinbin -xyzzy -mesgoff console -xyzzy -bridge_save_x87 0 -bridge_save_mxcsr 0 -follow_execv -error_file /home/a57779/CPD/PI/CPD_PI_OLAP/src/InspectorOutput_8gb_mi2/data.0/pin_error.log -logfile /home/a57779/CPD/PI/CPD_PI_OLAP/src/InspectorOutput_8gb_mi2/data.0/pin.log -xyzzy -region_max_inss 100 -t64 /share/apps/intel/inspector_xe_2016.1.0.423441/lib64/libmemchkr -t /share/apps/intel/inspector_xe_2016.1.0.423441/lib32/libmemchkr -no-analyze-stack -check-invalid-access -leak-check-on-exit -leak-check-on-demand -enable-memory-growth -leak-check-report-reachable -check-resource-leaks -suppress-breakpoints -freelist-vol 0 -leak-maximum 100000 -guard-zone-size 0 -stack-depth 8 -working-dir /home/a57779/CPD/PI/CPD_PI_OLAP/src/InspectorOutput_8gb_mi2/data.0 -log mc_query1_no_mkl.log -result query1_no_mkl - /home/a57779/CPD/PI/CPD_PI_OLAP/src/query1_no_mkl 8  -->
	<!-- mc's options are the following:  -->
	<!-- -help                              false -->
	<!-- -verbose                           false -->
	<!-- -xyzzy                             false -->
	<!-- -version                           false -->
	<!-- -help-all                          false -->
	<!-- -xyzzy-all                         false -->
	<!-- -report-all-instances              false -->
	<!-- -check-for-padded-structures       true -->
	<!-- -check-for-bitfields               true -->
	<!-- -analyze-stack                     false -->
	<!-- -access-checks                     false -->
	<!-- -check-uninit-read                 false -->
	<!-- -check-invalid-access              true -->
	<!-- -advanced-uninit-read              false -->
	<!-- -track-origins                     true -->
	<!-- -duplicate-uninits                 false -->
	<!-- -bss-initialized                   true -->
	<!-- -align-alloc-size                  false -->
	<!-- -report-uninit-read                false -->
	<!-- -ignore-system-libraries           false -->
	<!-- -gen-suppressions                  false -->
	<!-- -leak-check-on-exit                true -->
	<!-- -leak-check-on-demand              true -->
	<!-- -leak-check-uses-baseline          true -->
	<!-- -enable-memory-growth              true -->
	<!-- -leak-check-report-reachable       true -->
	<!-- -leak-check-full                   true -->
	<!-- -check-resource-leaks              true -->
	<!-- -xml                               true -->
	<!-- -trace-children                    false -->
	<!-- -enable-poke                       false -->
	<!-- -jit-mode-anyway                   false -->
	<!-- -disable-probe-mode-mismatches-64  true -->
	<!-- -aggressive-callstack-caching      false -->
	<!-- -suppress-breakpoints              true -->
	<!-- -monitor-memory                    false -->
	<!-- -freelist-vol                      0 -->
	<!-- -leak-maximum                      100000 -->
	<!-- -guard-zone-size                   0 -->
	<!-- -stack-depth                       8 -->
	<!-- -asdp-major                        2 -->
	<!-- -asdp-minor                        0 -->
	<!-- -heartbeat                         0 -->
	<!-- -breakpoint-file                   (null) -->
	<!-- -config-file                       (null) -->
	<!-- -log                               mc_query1_no_mkl.log -->
	<!-- -ignore-commands                   (null),  -->
	<!-- -ignore-modules                    (null),  -->
	<!-- -ignore-symbols                    (null),  -->
	<!-- -module-of-interest                (null),  -->
	<!-- -executable-of-interest            (null),  -->
	<!-- -working-dir                       /home/a57779/CPD/PI/CPD_PI_OLAP/src/InspectorOutput_8gb_mi2/data.0 -->
	<!-- -result                            query1_no_mkl -->
	<!-- -exclude-module                    (null),  -->
	<!-- -include-module                    (null),  -->
	<!-- -only-exec-commands                (null),  -->
	<!-- -suppressions                      (null),  -->
	<!-- -debug                             none -->
	<!-- -shared-mem-name                   (null) -->
	<!-- -poke-function                     (null),  -->
	<!-- -log-socket                        (null) -->
	<!-- -analysis-mode                     (null) -->
	<!-- probe mode: no -->
	<!-- invalid access: yes -->
	<!-- uninit read: no -->
	<!-- track origin: no -->
	<!-- Module loaded /home/a57779/CPD/PI/CPD_PI_OLAP/src/query1_no_mkl, address range [0x0000000000400000-0x000000000063bbd7] -->
	<msg id='2' source='mc'>
		<type>MODULE_LOAD</type>
		<severity>INFO</severity>
		<timestamp>Sat Jul  2 17:59:57 2016</timestamp>
		<arg name='path'>/home/a57779/CPD/PI/CPD_PI_OLAP/src/query1_no_mkl</arg>
		<arg name='addr1'>0x400000</arg>
		<arg name='addr2'>0x63bbd7</arg>
	</msg>
	<!-- Module loaded /lib64/ld-linux-x86-64.so.2, address range [0x000000328d200000-0x000000328d421187], minimal analysis -->
	<msg id='3' source='mc'>
		<type>MODULE_LOAD_NO_ANALYSIS</type>
		<severity>INFO</severity>
		<timestamp>Sat Jul  2 17:59:57 2016</timestamp>
		<arg name='path'>/lib64/ld-linux-x86-64.so.2</arg>
		<arg name='addr1'>0x328d200000</arg>
		<arg name='addr2'>0x328d421187</arg>
	</msg>
	<!-- Module loaded /lib64/libglib-2.0.so.0, address range [0x000000328f600000-0x000000328f8e4c0f] -->
	<msg id='4' source='mc'>
		<type>MODULE_LOAD</type>
		<severity>INFO</severity>
		<timestamp>Sat Jul  2 17:59:58 2016</timestamp>
		<arg name='path'>/lib64/libglib-2.0.so.0</arg>
		<arg name='addr1'>0x328f600000</arg>
		<arg name='addr2'>0x328f8e4c0f</arg>
	</msg>
	<!-- Module loaded /share/apps/intel/compilers_and_libraries_2016.0.109/linux/mkl/lib/intel64/libmkl_intel_lp64.so, address range [0x00002b395d7a1000-0x00002b395e0deeff] -->
	<msg id='5' source='mc'>
		<type>MODULE_LOAD</type>
		<severity>INFO</severity>
		<timestamp>Sat Jul  2 17:59:58 2016</timestamp>
		<arg name='path'>/share/apps/intel/compilers_and_libraries_2016.0.109/linux/mkl/lib/intel64/libmkl_intel_lp64.so</arg>
		<arg name='addr1'>0x2b395d7a1000</arg>
		<arg name='addr2'>0x2b395e0deeff</arg>
	</msg>
	<!-- Module loaded /share/apps/intel/compilers_and_libraries_2016.0.109/linux/mkl/lib/intel64/libmkl_core.so, address range [0x00002b395e134000-0x00002b395fa18147] -->
	<msg id='6' source='mc'>
		<type>MODULE_LOAD</type>
		<severity>INFO</severity>
		<timestamp>Sat Jul  2 17:59:58 2016</timestamp>
		<arg name='path'>/share/apps/intel/compilers_and_libraries_2016.0.109/linux/mkl/lib/intel64/libmkl_core.so</arg>
		<arg name='addr1'>0x2b395e134000</arg>
		<arg name='addr2'>0x2b395fa18147</arg>
	</msg>
	<!-- Module loaded /share/apps/intel/compilers_and_libraries_2016.0.109/linux/mkl/lib/intel64/libmkl_sequential.so, address range [0x00002b395fab9000-0x00002b396035fd4f] -->
	<msg id='7' source='mc'>
		<type>MODULE_LOAD</type>
		<severity>INFO</severity>
		<timestamp>Sat Jul  2 17:59:58 2016</timestamp>
		<arg name='path'>/share/apps/intel/compilers_and_libraries_2016.0.109/linux/mkl/lib/intel64/libmkl_sequential.so</arg>
		<arg name='addr1'>0x2b395fab9000</arg>
		<arg name='addr2'>0x2b396035fd4f</arg>
	</msg>
	<!-- Module loaded /lib64/libpthread.so.0, address range [0x000000328de00000-0x000000328e01c39f] -->
	<msg id='8' source='mc'>
		<type>MODULE_LOAD</type>
		<severity>INFO</severity>
		<timestamp>Sat Jul  2 17:59:58 2016</timestamp>
		<arg name='path'>/lib64/libpthread.so.0</arg>
		<arg name='addr1'>0x328de00000</arg>
		<arg name='addr2'>0x328e01c39f</arg>
	</msg>
	<!-- Module loaded /lib64/libm.so.6, address range [0x000000328e200000-0x000000328e4830d7] -->
	<msg id='9' source='mc'>
		<type>MODULE_LOAD</type>
		<severity>INFO</severity>
		<timestamp>Sat Jul  2 17:59:58 2016</timestamp>
		<arg name='path'>/lib64/libm.so.6</arg>
		<arg name='addr1'>0x328e200000</arg>
		<arg name='addr2'>0x328e4830d7</arg>
	</msg>
	<!-- Module loaded /share/apps/intel/compilers_and_libraries_2016.0.109/linux/compiler/lib/intel64/libiomp5.so, address range [0x00002b39603ca000-0x00002b396070abdf], minimal analysis -->
	<msg id='10' source='mc'>
		<type>MODULE_LOAD_NO_ANALYSIS</type>
		<severity>INFO</severity>
		<timestamp>Sat Jul  2 17:59:58 2016</timestamp>
		<arg name='path'>/share/apps/intel/compilers_and_libraries_2016.0.109/linux/compiler/lib/intel64/libiomp5.so</arg>
		<arg name='addr1'>0x2b39603ca000</arg>
		<arg name='addr2'>0x2b396070abdf</arg>
	</msg>
	<!-- Module loaded /lib64/libgcc_s.so.1, address range [0x000000328f200000-0x000000328f415cf7] -->
	<msg id='11' source='mc'>
		<type>MODULE_LOAD</type>
		<severity>INFO</severity>
		<timestamp>Sat Jul  2 17:59:58 2016</timestamp>
		<arg name='path'>/lib64/libgcc_s.so.1</arg>
		<arg name='addr1'>0x328f200000</arg>
		<arg name='addr2'>0x328f415cf7</arg>
	</msg>
	<!-- Module loaded /lib64/libc.so.6, address range [0x000000328d600000-0x000000328d9928a7] -->
	<msg id='12' source='mc'>
		<type>MODULE_LOAD</type>
		<severity>INFO</severity>
		<timestamp>Sat Jul  2 17:59:58 2016</timestamp>
		<arg name='path'>/lib64/libc.so.6</arg>
		<arg name='addr1'>0x328d600000</arg>
		<arg name='addr2'>0x328d9928a7</arg>
	</msg>
	<!-- Module loaded /lib64/libdl.so.2, address range [0x000000328da00000-0x000000328dc030ff], minimal analysis -->
	<msg id='13' source='mc'>
		<type>MODULE_LOAD_NO_ANALYSIS</type>
		<severity>INFO</severity>
		<timestamp>Sat Jul  2 17:59:58 2016</timestamp>
		<arg name='path'>/lib64/libdl.so.2</arg>
		<arg name='addr1'>0x328da00000</arg>
		<arg name='addr2'>0x328dc030ff</arg>
	</msg>